{"/Users/zhaoxiaolong/Documents/share/automated_test/basicconfig/src/addnum.js": {"path":"/Users/zhaoxiaolong/Documents/share/automated_test/basicconfig/src/addnum.js","statementMap":{"0":{"start":{"line":2,"column":4},"end":{"line":2,"column":17}},"1":{"start":{"line":5,"column":4},"end":{"line":5,"column":17}},"2":{"start":{"line":7,"column":0},"end":{"line":9,"column":1}}},"fnMap":{"0":{"name":"addnum1","decl":{"start":{"line":1,"column":9},"end":{"line":1,"column":16}},"loc":{"start":{"line":1,"column":21},"end":{"line":3,"column":1}},"line":1},"1":{"name":"addnum2","decl":{"start":{"line":4,"column":9},"end":{"line":4,"column":16}},"loc":{"start":{"line":4,"column":21},"end":{"line":6,"column":1}},"line":4}},"branchMap":{},"s":{"0":1,"1":1,"2":1},"f":{"0":1,"1":1},"b":{},"_coverageSchema":"1a1c01bbd47fc00a2c39e90264f33305004495a9","hash":"d7be9a3fa27c8515c5a5c74cfe305845858e1522"}
}
